2025-02-23 09:11:45 INFO     data_retrieve.scraper 	 Successfully retrieved NASR page
2025-02-24 08:21:18 INFO     data_retrieve.scraper 	 Successfully retrieved NASR page
2025-02-24 09:44:35 INFO     data_retrieve.scraper 	 Successfully retrieved NASR page
2025-02-25 06:30:55 INFO     data_retrieve.scraper 	 Successfully retrieved NASR page
2025-02-25 09:30:35 INFO     data_retrieve.scraper 	 Successfully retrieved NASR page
2025-02-27 17:25:48 INFO     data_retrieve.scraper 	 Successfully retrieved NASR page
2025-02-28 10:59:09 INFO     data_retrieve.scraper 	 Successfully retrieved NASR page
2025-03-01 09:13:12 INFO     data_retrieve.scraper 	 Successfully retrieved NASR page
2025-03-04 07:34:26 INFO     data_retrieve.scraper 	 Successfully retrieved NASR page
2025-03-05 09:49:09 INFO     data_retrieve.scraper 	 Successfully retrieved NASR page
2025-03-06 09:42:56 INFO     data_retrieve.scraper 	 Successfully retrieved NASR page
2025-03-06 10:27:48 INFO     data_retrieve.scraper 	 Successfully retrieved NASR page
2025-03-07 14:27:53 ERROR    data_retrieve.scraper 	 Error in retrieving page and making soup
HTTPSConnectionPool(host='www.faa.gov', port=443): Max retries exceeded with url: /air_traffic/flight_info/aeronav/aero_data/NASR_Subscription/ (Caused by NameResolutionError("<urllib3.connection.HTTPSConnection object at 0x000001DE5059CEB0>: Failed to resolve 'www.faa.gov' ([Errno 11001] getaddrinfo failed)"))
2025-03-07 14:27:53 INFO     data_retrieve.scraper 	 Successfully retrieved NASR page
2025-03-10 08:41:47 INFO     data_retrieve.scraper 	 Successfully retrieved NASR page
2025-03-10 09:00:08 INFO     data_retrieve.scraper 	 Successfully retrieved NASR page
2025-03-11 09:16:39 INFO     data_retrieve.scraper 	 Successfully retrieved NASR page
2025-03-12 00:06:50 INFO     data_retrieve.scraper 	 Successfully retrieved NASR page
2025-03-12 09:59:08 INFO     data_retrieve.scraper 	 Successfully retrieved NASR page
2025-03-12 10:01:20 INFO     data_retrieve.scraper 	 Successfully retrieved NASR page
2025-03-13 00:02:33 INFO     data_retrieve.scraper 	 Successfully retrieved NASR page
2025-03-13 10:08:07 INFO     data_retrieve.scraper 	 Successfully retrieved NASR page
2025-03-14 13:33:44 INFO     data_retrieve.scraper 	 Successfully retrieved NASR page
2025-03-14 14:26:57 INFO     data_retrieve.scraper 	 Successfully retrieved NASR page
2025-03-15 10:14:32 INFO     data_retrieve.scraper 	 Successfully retrieved NASR page
2025-03-16 08:02:17 INFO     data_retrieve.scraper 	 Successfully retrieved NASR page
2025-03-16 09:48:13 INFO     data_retrieve.scraper 	 Successfully retrieved NASR page
2025-03-16 12:23:20 INFO     data_retrieve.scraper 	 Successfully retrieved NASR page
2025-03-16 12:23:24 INFO     data_retrieve.scraper 	 Successfully retrieved Current Zip file
2025-03-16 12:23:24 INFO     __main__ 	 Current NASR Zip downloaded
2025-03-16 12:23:59 INFO     data_retrieve.scraper 	 Successfully retrieved NASR page
2025-03-16 12:24:03 INFO     data_retrieve.scraper 	 Successfully retrieved Current Zip file
2025-03-16 12:24:03 INFO     __main__ 	 Current NASR Zip downloaded
2025-03-16 12:24:13 INFO     tools.zip_file_tools 	 24 items written to ./model_config/current_config.json
2025-03-16 12:24:13 INFO     __main__ 	 NASR Specs written to file
2025-03-16 12:24:13 INFO     model_config.config_tool 	 65 models written in 41.87 milliseconds
2025-03-16 12:24:13 INFO     __main__ 	 65 models created
2025-03-16 12:24:14 INFO     data_retrieve.scraper 	 Successfully retrieved NASR page
2025-03-16 12:24:14 INFO     db_connector 	 Database connection established at ./databases/nav_data/FEB25.db
2025-03-16 12:26:57 INFO     data_retrieve.scraper 	 Successfully retrieved NASR page
2025-03-16 12:27:00 INFO     data_retrieve.scraper 	 Successfully retrieved Current Zip file
2025-03-16 12:27:00 INFO     __main__ 	 Current NASR Zip downloaded
2025-03-16 12:27:11 INFO     tools.zip_file_tools 	 24 items written to ./model_config/current_config.json
2025-03-16 12:27:11 INFO     __main__ 	 NASR Specs written to file
2025-03-16 12:27:11 INFO     model_config.config_tool 	 65 models written in 36.74 milliseconds
2025-03-16 12:27:11 INFO     __main__ 	 65 models created
2025-03-16 12:27:12 INFO     data_retrieve.scraper 	 Successfully retrieved NASR page
2025-03-16 12:31:23 INFO     data_retrieve.scraper 	 Successfully retrieved NASR page
2025-03-16 12:31:27 INFO     data_retrieve.scraper 	 Successfully retrieved Current Zip file
2025-03-16 12:31:27 INFO     __main__ 	 Current NASR Zip downloaded
2025-03-16 12:31:38 INFO     tools.zip_file_tools 	 24 items written to ./model_config/current_config.json
2025-03-16 12:31:38 INFO     __main__ 	 NASR Specs written to file
2025-03-16 12:31:38 INFO     model_config.config_tool 	 65 models written in 28.88 milliseconds
2025-03-16 12:31:38 INFO     __main__ 	 65 models created
2025-03-16 12:31:39 INFO     data_retrieve.scraper 	 Successfully retrieved NASR page
2025-03-17 08:03:43 INFO     data_retrieve.scraper 	 Successfully retrieved NASR page
2025-03-17 08:06:40 INFO     data_retrieve.scraper 	 Successfully retrieved NASR page
2025-03-17 08:06:45 INFO     data_retrieve.scraper 	 Successfully retrieved Current Zip file
2025-03-17 08:06:45 INFO     __main__ 	 Current NASR Zip downloaded
2025-03-17 08:07:06 INFO     tools.zip_file_tools 	 24 items written to ./model_config/current_config.json
2025-03-17 08:07:06 INFO     __main__ 	 NASR Specs written to file
2025-03-17 08:07:06 INFO     model_config.config_tool 	 65 models written in 46.66 milliseconds
2025-03-17 08:07:06 INFO     __main__ 	 65 models created
2025-03-17 08:07:09 INFO     data_retrieve.scraper 	 Successfully retrieved NASR page
2025-03-17 08:08:40 INFO     data_retrieve.scraper 	 Successfully retrieved NASR page
2025-03-17 08:08:44 INFO     data_retrieve.scraper 	 Successfully retrieved Current Zip file
2025-03-17 08:08:44 INFO     __main__ 	 Current NASR Zip downloaded
2025-03-17 08:08:59 INFO     tools.zip_file_tools 	 24 items written to ./model_config/current_config.json
2025-03-17 08:08:59 INFO     __main__ 	 NASR Specs written to file
2025-03-17 08:08:59 INFO     model_config.config_tool 	 65 models written in 48.62 milliseconds
2025-03-17 08:08:59 INFO     __main__ 	 65 models created
2025-03-17 08:09:01 INFO     data_retrieve.scraper 	 Successfully retrieved NASR page
2025-03-17 08:09:01 INFO     db_connector 	 Database connection established at ./databases/FEB25.db
2025-03-17 08:09:03 INFO     populate_db 	 4700 models created from APT_ARS.csv
2025-03-17 08:09:03 INFO     populate_db 	 4700 rows committed to APT_ARS table
2025-03-17 08:09:05 INFO     populate_db 	 208450 models created from APT_ATT.csv
2025-03-17 08:09:08 INFO     populate_db 	 208450 rows committed to APT_ATT table
2025-03-17 08:09:19 INFO     populate_db 	 1815930 models created from APT_BASE.csv
2025-03-17 08:10:10 INFO     populate_db 	 1815930 rows committed to APT_BASE table
2025-03-17 08:10:14 INFO     populate_db 	 646960 models created from APT_CON.csv
2025-03-17 08:10:21 INFO     populate_db 	 646960 rows committed to APT_CON table
2025-03-17 08:10:29 INFO     populate_db 	 1193231 models created from APT_RMK.csv
